<?xml version="1.0" encoding="UTF-8"?>
<testsuite name="FizzBuzzTest" tests="6" skipped="0" failures="0" errors="0" timestamp="2021-07-13T02:55:12" hostname="NEIL-DESKTOP" time="0.017">
  <properties/>
  <testcase name="testFizzBuzzDivisibleBy15()" classname="FizzBuzzTest" time="0.013"/>
  <testcase name="testBuzz()" classname="FizzBuzzTest" time="0.0"/>
  <testcase name="testFizz()" classname="FizzBuzzTest" time="0.0"/>
  <testcase name="testFizzBuzz()" classname="FizzBuzzTest" time="0.001"/>
  <testcase name="testFizzDivisibleBy3()" classname="FizzBuzzTest" time="0.001"/>
  <testcase name="testNumber()" classname="FizzBuzzTest" time="0.0"/>
  <system-out><![CDATA[]]></system-out>
  <system-err><![CDATA[]]></system-err>
</testsuite>
